Compiling the C compiler identification source file "CMakeCCompilerId.c" failed.
Compiler: /Users/whalensun/Library/Android/sdk/ndk/22.0.7026061/toolchains/llvm/prebuilt/darwin-x86_64/bin/clang 
Build flags: -g;-DANDROID;-fdata-sections;-ffunction-sections;-funwind-tables;-fstack-protector-strong;-no-canonical-prefixes;-D_FORTIFY_SOURCE=2;-Wformat;-Werror=format-security;
Id flags:  

The output was:
1
ld: error: unknown argument '-no_deduplicate'
ld: error: unknown argument '-dynamic', did you mean '-Bdynamic'
ld: error: unknown argument '-arch'
ld: error: unknown emulation: acosx_version_min
ld: error: unable to find library -lto_library
ld: error: cannot open /Users/whalensun/Library/Android/sdk/ndk/22.0.7026061/toolchains/llvm/prebuilt/darwin-x86_64/lib/libLTO.dylib: No such file or directory
ld: error: cannot open x86_64: No such file or directory
ld: error: cannot open 11.0.0: No such file or directory
ld: error: /var/folders/hc/mnj8fgjn3cx2bgk_6h5wvn1h0000gn/T/CMakeCCompilerId-d892f7.o: unknown file type
ld: error: unable to find library -lSystem
clang: error: linker command failed with exit code 1 (use -v to see invocation)


Compiling the CXX compiler identification source file "CMakeCXXCompilerId.cpp" failed.
Compiler: /Users/whalensun/Library/Android/sdk/ndk/22.0.7026061/toolchains/llvm/prebuilt/darwin-x86_64/bin/clang++ 
Build flags: -g;-DANDROID;-fdata-sections;-ffunction-sections;-funwind-tables;-fstack-protector-strong;-no-canonical-prefixes;-D_FORTIFY_SOURCE=2;-Wformat;-Werror=format-security;;-std=c++11;-frtti
Id flags:  

The output was:
1
ld: error: unknown argument '-no_deduplicate'
ld: error: unknown argument '-dynamic', did you mean '-Bdynamic'
ld: error: unknown argument '-arch'
ld: error: unknown emulation: acosx_version_min
ld: error: unable to find library -lto_library
ld: error: cannot open /Users/whalensun/Library/Android/sdk/ndk/22.0.7026061/toolchains/llvm/prebuilt/darwin-x86_64/lib/libLTO.dylib: No such file or directory
ld: error: cannot open x86_64: No such file or directory
ld: error: cannot open 11.0.0: No such file or directory
ld: error: /var/folders/hc/mnj8fgjn3cx2bgk_6h5wvn1h0000gn/T/CMakeCXXCompilerId-6e30b7.o: unknown file type
ld: error: unable to find library -lc++
ld: error: unable to find library -lSystem
clang++: error: linker command failed with exit code 1 (use -v to see invocation)


