Compiling the C compiler identification source file "CMakeCCompilerId.c" failed.
Compiler: /Users/whalensun/Library/Android/sdk/ndk/22.0.7026061/toolchains/llvm/prebuilt/darwin-x86_64/bin/clang 
Build flags: -g;-DANDROID;-fdata-sections;-ffunction-sections;-funwind-tables;-fstack-protector-strong;-no-canonical-prefixes;-D_FORTIFY_SOURCE=2;-march=armv7-a;-mthumb;-Wformat;-Werror=format-security;
Id flags:  

The output was:
1
clang: warning: argument unused during compilation: '-mthumb' [-Wunused-command-line-argument]
error: unknown target CPU 'armv7-a'
note: valid target CPU values are: nocona, core2, penryn, bonnell, atom, silvermont, slm, goldmont, goldmont-plus, tremont, nehalem, corei7, westmere, sandybridge, corei7-avx, ivybridge, core-avx-i, haswell, core-avx2, broadwell, skylake, skylake-avx512, skx, cascadelake, cooperlake, cannonlake, icelake-client, icelake-server, tigerlake, knl, knm, k8, athlon64, athlon-fx, opteron, k8-sse3, athlon64-sse3, opteron-sse3, amdfam10, barcelona, btver1, btver2, bdver1, bdver2, bdver3, bdver4, znver1, znver2, x86-64


Compiling the C compiler identification source file "CMakeCCompilerId.c" failed.
Compiler: /Users/whalensun/Library/Android/sdk/ndk/22.0.7026061/toolchains/llvm/prebuilt/darwin-x86_64/bin/clang 
Build flags: -g;-DANDROID;-fdata-sections;-ffunction-sections;-funwind-tables;-fstack-protector-strong;-no-canonical-prefixes;-D_FORTIFY_SOURCE=2;-march=armv7-a;-mthumb;-Wformat;-Werror=format-security;
Id flags: -c 

The output was:
1
clang: warning: argument unused during compilation: '-mthumb' [-Wunused-command-line-argument]
error: unknown target CPU 'armv7-a'
note: valid target CPU values are: nocona, core2, penryn, bonnell, atom, silvermont, slm, goldmont, goldmont-plus, tremont, nehalem, corei7, westmere, sandybridge, corei7-avx, ivybridge, core-avx-i, haswell, core-avx2, broadwell, skylake, skylake-avx512, skx, cascadelake, cooperlake, cannonlake, icelake-client, icelake-server, tigerlake, knl, knm, k8, athlon64, athlon-fx, opteron, k8-sse3, athlon64-sse3, opteron-sse3, amdfam10, barcelona, btver1, btver2, bdver1, bdver2, bdver3, bdver4, znver1, znver2, x86-64


Compiling the C compiler identification source file "CMakeCCompilerId.c" failed.
Compiler: /Users/whalensun/Library/Android/sdk/ndk/22.0.7026061/toolchains/llvm/prebuilt/darwin-x86_64/bin/clang 
Build flags: -g;-DANDROID;-fdata-sections;-ffunction-sections;-funwind-tables;-fstack-protector-strong;-no-canonical-prefixes;-D_FORTIFY_SOURCE=2;-march=armv7-a;-mthumb;-Wformat;-Werror=format-security;
Id flags: -Aa 

The output was:
1
clang: warning: argument unused during compilation: '-mthumb' [-Wunused-command-line-argument]
clang: warning: argument unused during compilation: '-Aa' [-Wunused-command-line-argument]
error: unknown target CPU 'armv7-a'
note: valid target CPU values are: nocona, core2, penryn, bonnell, atom, silvermont, slm, goldmont, goldmont-plus, tremont, nehalem, corei7, westmere, sandybridge, corei7-avx, ivybridge, core-avx-i, haswell, core-avx2, broadwell, skylake, skylake-avx512, skx, cascadelake, cooperlake, cannonlake, icelake-client, icelake-server, tigerlake, knl, knm, k8, athlon64, athlon-fx, opteron, k8-sse3, athlon64-sse3, opteron-sse3, amdfam10, barcelona, btver1, btver2, bdver1, bdver2, bdver3, bdver4, znver1, znver2, x86-64


Compiling the C compiler identification source file "CMakeCCompilerId.c" failed.
Compiler: /Users/whalensun/Library/Android/sdk/ndk/22.0.7026061/toolchains/llvm/prebuilt/darwin-x86_64/bin/clang 
Build flags: -g;-DANDROID;-fdata-sections;-ffunction-sections;-funwind-tables;-fstack-protector-strong;-no-canonical-prefixes;-D_FORTIFY_SOURCE=2;-march=armv7-a;-mthumb;-Wformat;-Werror=format-security;
Id flags: -D__CLASSIC_C__ 

The output was:
1
clang: warning: argument unused during compilation: '-mthumb' [-Wunused-command-line-argument]
error: unknown target CPU 'armv7-a'
note: valid target CPU values are: nocona, core2, penryn, bonnell, atom, silvermont, slm, goldmont, goldmont-plus, tremont, nehalem, corei7, westmere, sandybridge, corei7-avx, ivybridge, core-avx-i, haswell, core-avx2, broadwell, skylake, skylake-avx512, skx, cascadelake, cooperlake, cannonlake, icelake-client, icelake-server, tigerlake, knl, knm, k8, athlon64, athlon-fx, opteron, k8-sse3, athlon64-sse3, opteron-sse3, amdfam10, barcelona, btver1, btver2, bdver1, bdver2, bdver3, bdver4, znver1, znver2, x86-64


Compiling the C compiler identification source file "CMakeCCompilerId.c" failed.
Compiler: /Users/whalensun/Library/Android/sdk/ndk/22.0.7026061/toolchains/llvm/prebuilt/darwin-x86_64/bin/clang 
Build flags: 
Id flags:  

The output was:
1
ld: error: unknown argument '-no_deduplicate'
ld: error: unknown argument '-dynamic', did you mean '-Bdynamic'
ld: error: unknown argument '-arch'
ld: error: unknown emulation: acosx_version_min
ld: error: unable to find library -lto_library
ld: error: cannot open /Users/whalensun/Library/Android/sdk/ndk/22.0.7026061/toolchains/llvm/prebuilt/darwin-x86_64/lib/libLTO.dylib: No such file or directory
ld: error: cannot open x86_64: No such file or directory
ld: error: cannot open 11.0.0: No such file or directory
ld: error: /var/folders/hc/mnj8fgjn3cx2bgk_6h5wvn1h0000gn/T/CMakeCCompilerId-116cda.o: unknown file type
ld: error: unable to find library -lSystem
clang: error: linker command failed with exit code 1 (use -v to see invocation)


Compiling the CXX compiler identification source file "CMakeCXXCompilerId.cpp" failed.
Compiler: /Users/whalensun/Library/Android/sdk/ndk/22.0.7026061/toolchains/llvm/prebuilt/darwin-x86_64/bin/clang++ 
Build flags: -g;-DANDROID;-fdata-sections;-ffunction-sections;-funwind-tables;-fstack-protector-strong;-no-canonical-prefixes;-D_FORTIFY_SOURCE=2;-march=armv7-a;-mthumb;-Wformat;-Werror=format-security;;-std=c++11;-frtti
Id flags:  

The output was:
1
clang++: warning: argument unused during compilation: '-mthumb' [-Wunused-command-line-argument]
error: unknown target CPU 'armv7-a'
note: valid target CPU values are: nocona, core2, penryn, bonnell, atom, silvermont, slm, goldmont, goldmont-plus, tremont, nehalem, corei7, westmere, sandybridge, corei7-avx, ivybridge, core-avx-i, haswell, core-avx2, broadwell, skylake, skylake-avx512, skx, cascadelake, cooperlake, cannonlake, icelake-client, icelake-server, tigerlake, knl, knm, k8, athlon64, athlon-fx, opteron, k8-sse3, athlon64-sse3, opteron-sse3, amdfam10, barcelona, btver1, btver2, bdver1, bdver2, bdver3, bdver4, znver1, znver2, x86-64


Compiling the CXX compiler identification source file "CMakeCXXCompilerId.cpp" failed.
Compiler: /Users/whalensun/Library/Android/sdk/ndk/22.0.7026061/toolchains/llvm/prebuilt/darwin-x86_64/bin/clang++ 
Build flags: -g;-DANDROID;-fdata-sections;-ffunction-sections;-funwind-tables;-fstack-protector-strong;-no-canonical-prefixes;-D_FORTIFY_SOURCE=2;-march=armv7-a;-mthumb;-Wformat;-Werror=format-security;;-std=c++11;-frtti
Id flags: -c 

The output was:
1
clang++: warning: argument unused during compilation: '-mthumb' [-Wunused-command-line-argument]
error: unknown target CPU 'armv7-a'
note: valid target CPU values are: nocona, core2, penryn, bonnell, atom, silvermont, slm, goldmont, goldmont-plus, tremont, nehalem, corei7, westmere, sandybridge, corei7-avx, ivybridge, core-avx-i, haswell, core-avx2, broadwell, skylake, skylake-avx512, skx, cascadelake, cooperlake, cannonlake, icelake-client, icelake-server, tigerlake, knl, knm, k8, athlon64, athlon-fx, opteron, k8-sse3, athlon64-sse3, opteron-sse3, amdfam10, barcelona, btver1, btver2, bdver1, bdver2, bdver3, bdver4, znver1, znver2, x86-64


Compiling the CXX compiler identification source file "CMakeCXXCompilerId.cpp" failed.
Compiler: /Users/whalensun/Library/Android/sdk/ndk/22.0.7026061/toolchains/llvm/prebuilt/darwin-x86_64/bin/clang++ 
Build flags: -g;-DANDROID;-fdata-sections;-ffunction-sections;-funwind-tables;-fstack-protector-strong;-no-canonical-prefixes;-D_FORTIFY_SOURCE=2;-march=armv7-a;-mthumb;-Wformat;-Werror=format-security;;-std=c++11;-frtti
Id flags: --c++ 

The output was:
1
clang++: error: unsupported option '--c++'


Compiling the CXX compiler identification source file "CMakeCXXCompilerId.cpp" failed.
Compiler: /Users/whalensun/Library/Android/sdk/ndk/22.0.7026061/toolchains/llvm/prebuilt/darwin-x86_64/bin/clang++ 
Build flags: -g;-DANDROID;-fdata-sections;-ffunction-sections;-funwind-tables;-fstack-protector-strong;-no-canonical-prefixes;-D_FORTIFY_SOURCE=2;-march=armv7-a;-mthumb;-Wformat;-Werror=format-security;;-std=c++11;-frtti
Id flags: --ec++ 

The output was:
1
clang++: error: unsupported option '--ec++'


Compiling the CXX compiler identification source file "CMakeCXXCompilerId.cpp" failed.
Compiler: /Users/whalensun/Library/Android/sdk/ndk/22.0.7026061/toolchains/llvm/prebuilt/darwin-x86_64/bin/clang++ 
Build flags: 
Id flags:  

The output was:
1
ld: error: unknown argument '-no_deduplicate'
ld: error: unknown argument '-dynamic', did you mean '-Bdynamic'
ld: error: unknown argument '-arch'
ld: error: unknown emulation: acosx_version_min
ld: error: unable to find library -lto_library
ld: error: cannot open /Users/whalensun/Library/Android/sdk/ndk/22.0.7026061/toolchains/llvm/prebuilt/darwin-x86_64/lib/libLTO.dylib: No such file or directory
ld: error: cannot open x86_64: No such file or directory
ld: error: cannot open 11.0.0: No such file or directory
ld: error: /var/folders/hc/mnj8fgjn3cx2bgk_6h5wvn1h0000gn/T/CMakeCXXCompilerId-7d13c2.o: unknown file type
ld: error: unable to find library -lc++
ld: error: unable to find library -lSystem
clang++: error: linker command failed with exit code 1 (use -v to see invocation)


